{
  "RSpec": {
    "coverage": {
      "/home/ubuntu/Ruby/newnewpiedpiper/spec/controllers/channels_controller_spec.rb": [
        1,
        null,
        1,
        1,
        3,
        null,
        1,
        1,
        1,
        1,
        null,
        null,
        1,
        1,
        null,
        null,
        1,
        5,
        null,
        1,
        1,
        null,
        null,
        1,
        1,
        null,
        null,
        null,
        1,
        1,
        null,
        null,
        1,
        1,
        null,
        null,
        1,
        1,
        null,
        1,
        null,
        1,
        1,
        1,
        1,
        null,
        null,
        1,
        1,
        null,
        1,
        null,
        1,
        1,
        1,
        1,
        null,
        null,
        null
      ],
      "/home/ubuntu/Ruby/newnewpiedpiper/spec/rails_helper.rb": [
        null,
        1,
        1,
        1,
        null,
        1,
        1,
        null,
        null,
        null,
        null,
        null,
        null,
        null,
        null,
        null,
        null,
        null,
        null,
        null,
        null,
        null,
        null,
        null,
        null,
        null,
        1,
        null,
        1,
        null,
        1,
        null,
        null,
        null,
        null,
        1,
        null,
        null,
        null,
        null,
        null,
        null,
        null,
        null,
        null,
        null,
        null,
        null,
        null,
        null,
        1,
        null,
        null,
        1,
        null,
        null,
        null
      ],
      "/home/ubuntu/Ruby/newnewpiedpiper/config/environment.rb": [
        null,
        1,
        null,
        null,
        1
      ],
      "/home/ubuntu/Ruby/newnewpiedpiper/config/application.rb": [
        1,
        null,
        1,
        null,
        null,
        null,
        1,
        null,
        1,
        1,
        null,
        null,
        null,
        null,
        null,
        null,
        null,
        null,
        null,
        null,
        null,
        null,
        null,
        1,
        null,
        null,
        null,
        null,
        null,
        null
      ],
      "/home/ubuntu/Ruby/newnewpiedpiper/config/boot.rb": [
        1,
        null,
        1
      ],
      "/home/ubuntu/Ruby/newnewpiedpiper/config/environments/test.rb": [
        1,
        null,
        null,
        null,
        null,
        null,
        null,
        1,
        null,
        null,
        null,
        null,
        1,
        null,
        null,
        1,
        1,
        null,
        null,
        1,
        1,
        null,
        null,
        1,
        null,
        null,
        1,
        null,
        null,
        null,
        null,
        1,
        null,
        null,
        1,
        null,
        null,
        1,
        null,
        null,
        null,
        null
      ],
      "/home/ubuntu/Ruby/newnewpiedpiper/config/initializers/assets.rb": [
        null,
        null,
        null,
        1,
        null,
        null,
        null,
        null,
        null,
        null,
        null
      ],
      "/home/ubuntu/Ruby/newnewpiedpiper/config/initializers/backtrace_silencers.rb": [
        null,
        null,
        null,
        null,
        null,
        null,
        null
      ],
      "/home/ubuntu/Ruby/newnewpiedpiper/config/initializers/cookies_serializer.rb": [
        null,
        null,
        1
      ],
      "/home/ubuntu/Ruby/newnewpiedpiper/config/initializers/filter_parameter_logging.rb": [
        null,
        null,
        null,
        1
      ],
      "/home/ubuntu/Ruby/newnewpiedpiper/config/initializers/inflections.rb": [
        null,
        null,
        null,
        null,
        null,
        null,
        null,
        null,
        null,
        null,
        null,
        null,
        null,
        null,
        null,
        null
      ],
      "/home/ubuntu/Ruby/newnewpiedpiper/config/initializers/mime_types.rb": [
        null,
        null,
        null,
        null
      ],
      "/home/ubuntu/Ruby/newnewpiedpiper/config/initializers/session_store.rb": [
        null,
        null,
        1
      ],
      "/home/ubuntu/Ruby/newnewpiedpiper/config/initializers/to_time_preserves_timezone.rb": [
        null,
        null,
        null,
        null,
        null,
        null,
        null,
        null,
        null,
        1
      ],
      "/home/ubuntu/Ruby/newnewpiedpiper/config/initializers/wrap_parameters.rb": [
        null,
        null,
        null,
        null,
        null,
        null,
        1,
        1,
        null,
        null,
        null,
        null,
        null,
        null
      ],
      "/home/ubuntu/Ruby/newnewpiedpiper/config/routes.rb": [
        1,
        null,
        1,
        null,
        1,
        null,
        null,
        1,
        1,
        1,
        1,
        1,
        null,
        1,
        1,
        1,
        null,
        1,
        null,
        1,
        1,
        1,
        null,
        1,
        1,
        null,
        1,
        1,
        null,
        null,
        1,
        1,
        1,
        1,
        null,
        null,
        1,
        1,
        1,
        1,
        null,
        null,
        1,
        1,
        1,
        1,
        1,
        null,
        null,
        null,
        null,
        null,
        null,
        null,
        null,
        null,
        null,
        null,
        null,
        null,
        null,
        null,
        null,
        null,
        null,
        null,
        null,
        null,
        null,
        null,
        null,
        null,
        null,
        null,
        null,
        null,
        null,
        null,
        null,
        null,
        null,
        null,
        null,
        null,
        null,
        null,
        null,
        null,
        null,
        null,
        null,
        null,
        null,
        null,
        null,
        null,
        null,
        null,
        null,
        null,
        null,
        null,
        null,
        null,
        null,
        null,
        null,
        null,
        null,
        null,
        null,
        null,
        null,
        null
      ],
      "/home/ubuntu/Ruby/newnewpiedpiper/app/helpers/application_helper.rb": [
        1,
        1,
        0,
        null,
        1,
        0,
        0,
        null,
        1,
        14,
        0,
        null,
        0,
        0,
        null,
        null,
        1,
        null,
        5,
        null,
        1,
        3,
        1,
        null,
        2,
        1,
        null,
        1,
        null,
        null,
        1,
        3,
        1,
        2,
        1,
        null,
        1,
        null,
        null,
        null,
        1,
        0,
        0,
        0,
        null,
        0,
        0,
        0,
        0,
        0,
        null,
        0,
        null,
        0,
        null,
        null,
        0,
        null,
        null,
        1,
        1,
        null,
        1,
        2,
        1,
        null,
        1,
        null,
        null
      ],
      "/home/ubuntu/Ruby/newnewpiedpiper/app/helpers/channels_helper.rb": [
        1,
        1,
        4,
        1,
        3,
        1,
        2,
        1,
        null,
        1,
        null,
        null,
        null
      ],
      "/home/ubuntu/Ruby/newnewpiedpiper/app/helpers/home_helper.rb": [
        1,
        null
      ],
      "/home/ubuntu/Ruby/newnewpiedpiper/app/helpers/posts_helper.rb": [
        1,
        null
      ],
      "/home/ubuntu/Ruby/newnewpiedpiper/app/helpers/search_helper.rb": [
        1,
        null
      ],
      "/home/ubuntu/Ruby/newnewpiedpiper/app/helpers/sessions_helper.rb": [
        1,
        null
      ],
      "/home/ubuntu/Ruby/newnewpiedpiper/app/helpers/upvotes_helper.rb": [
        1,
        null
      ],
      "/home/ubuntu/Ruby/newnewpiedpiper/app/helpers/users_helper.rb": [
        1,
        null,
        null,
        1,
        1,
        1,
        1,
        null,
        null
      ],
      "/home/ubuntu/Ruby/newnewpiedpiper/app/helpers/viewchannel_helper.rb": [
        1,
        null
      ],
      "/home/ubuntu/Ruby/newnewpiedpiper/app/controllers/channels_controller.rb": [
        1,
        1,
        0,
        null,
        1,
        0,
        null,
        1,
        4,
        4,
        4,
        4,
        0,
        0,
        0,
        0,
        null,
        4,
        null,
        0,
        null,
        null,
        1,
        0,
        null,
        1,
        1,
        1,
        null,
        0,
        0,
        0,
        0,
        0,
        0,
        null,
        null,
        null,
        null,
        1,
        1,
        1,
        null,
        0,
        0,
        0,
        0,
        0,
        0,
        null,
        null,
        null,
        null,
        null,
        null,
        null,
        null,
        1,
        1,
        4,
        null,
        null,
        null
      ],
      "/home/ubuntu/Ruby/newnewpiedpiper/app/controllers/application_controller.rb": [
        1,
        null,
        null,
        1,
        1,
        1,
        null,
        null
      ],
      "/home/ubuntu/Ruby/newnewpiedpiper/spec/controllers/posts_controller_spec.rb": [
        1,
        null,
        1,
        1,
        3,
        null,
        1,
        1,
        1,
        1,
        null,
        null,
        1,
        1,
        null,
        null,
        1,
        5,
        null,
        1,
        1,
        null,
        null,
        1,
        1,
        null,
        null,
        null,
        1,
        1,
        null,
        null,
        1,
        1,
        null,
        null,
        1,
        1,
        1,
        1,
        null,
        null,
        null,
        1,
        2,
        null,
        1,
        1,
        null,
        null,
        1,
        1,
        null,
        null,
        null
      ],
      "/home/ubuntu/Ruby/newnewpiedpiper/app/controllers/posts_controller.rb": [
        1,
        1,
        0,
        null,
        1,
        2,
        2,
        null,
        2,
        null,
        0,
        0,
        null,
        null,
        null,
        1,
        0,
        null,
        1,
        4,
        4,
        4,
        4,
        null,
        0,
        null,
        null,
        null,
        null,
        null,
        null,
        null,
        null,
        null,
        1,
        1,
        null,
        1,
        0,
        0,
        0,
        0,
        null,
        0,
        0,
        null,
        null,
        1,
        0,
        null,
        0,
        null,
        1,
        0,
        0,
        0,
        null,
        1,
        0,
        0,
        0,
        1,
        0,
        0,
        null,
        0,
        null,
        1,
        1,
        4,
        null,
        null
      ],
      "/home/ubuntu/Ruby/newnewpiedpiper/spec/controllers/search_controller_spec.rb": [
        1,
        null,
        1,
        null,
        null
      ],
      "/home/ubuntu/Ruby/newnewpiedpiper/app/controllers/search_controller.rb": [
        1,
        1,
        0,
        0,
        null,
        0,
        0,
        null,
        null,
        0,
        null,
        null,
        null
      ],
      "/home/ubuntu/Ruby/newnewpiedpiper/spec/controllers/sessions_controller_spec.rb": [
        1,
        null,
        1,
        null,
        1,
        1,
        1,
        1,
        null,
        null,
        null,
        null
      ],
      "/home/ubuntu/Ruby/newnewpiedpiper/app/controllers/sessions_controller.rb": [
        1,
        null,
        1,
        null,
        null,
        1,
        0,
        0,
        null,
        0,
        0,
        null,
        null,
        0,
        null,
        0,
        null,
        null,
        null,
        null,
        null,
        1,
        0,
        0,
        null,
        null
      ],
      "/home/ubuntu/Ruby/newnewpiedpiper/spec/controllers/upvotes_controller_spec.rb": [
        1,
        null,
        1,
        1,
        null,
        null,
        null,
        null,
        null,
        null,
        null
      ],
      "/home/ubuntu/Ruby/newnewpiedpiper/app/controllers/upvotes_controller.rb": [
        1,
        1,
        1,
        1,
        null,
        0,
        null,
        null,
        1,
        0,
        0,
        0,
        0,
        null,
        0,
        0,
        0,
        0,
        0,
        0,
        null,
        null,
        null,
        null,
        null,
        1,
        0,
        null,
        1,
        0,
        0,
        null,
        0,
        null,
        0,
        null,
        1,
        1,
        0,
        null,
        1,
        1,
        0,
        null,
        null
      ],
      "/home/ubuntu/Ruby/newnewpiedpiper/spec/controllers/users_controller_spec.rb": [
        1,
        null,
        1,
        null,
        null,
        null,
        null,
        null,
        null,
        null,
        null,
        null,
        null,
        null,
        null,
        null
      ],
      "/home/ubuntu/Ruby/newnewpiedpiper/spec/helpers/application_helper_spec.rb": [
        1,
        null,
        null,
        null,
        null,
        null,
        null,
        null,
        null,
        null,
        null,
        null,
        null,
        1,
        1,
        1,
        null,
        1,
        null,
        2,
        1,
        null,
        null,
        null,
        1,
        1,
        1,
        null,
        null,
        1,
        1,
        1,
        1,
        1,
        null,
        null,
        1,
        1,
        null,
        2,
        1,
        null,
        3,
        1,
        null,
        3,
        1,
        null,
        null,
        1,
        1,
        null,
        1,
        null,
        2,
        1,
        null,
        null,
        1,
        1,
        null,
        1,
        null,
        1,
        1,
        null,
        1,
        null,
        null,
        null
      ],
      "/home/ubuntu/Ruby/newnewpiedpiper/spec/helpers/channels_helper_spec.rb": [
        1,
        null,
        null,
        null,
        null,
        null,
        null,
        null,
        null,
        null,
        null,
        null,
        null,
        1,
        1,
        1,
        null,
        1,
        null,
        7,
        1,
        null,
        1,
        null,
        3,
        1,
        null,
        null,
        null
      ],
      "/home/ubuntu/Ruby/newnewpiedpiper/spec/helpers/search_helper_spec.rb": [
        1,
        null,
        null,
        null,
        null,
        null,
        null,
        null,
        null,
        null,
        null,
        null,
        1,
        1,
        null
      ],
      "/home/ubuntu/Ruby/newnewpiedpiper/spec/helpers/sessions_helper_spec.rb": [
        1,
        null,
        null,
        null,
        null,
        null,
        null,
        null,
        null,
        null,
        null,
        null,
        1,
        1,
        null
      ],
      "/home/ubuntu/Ruby/newnewpiedpiper/spec/helpers/upvotes_helper_spec.rb": [
        1,
        null,
        null,
        null,
        null,
        null,
        null,
        null,
        null,
        null,
        null,
        null,
        1,
        1,
        null
      ],
      "/home/ubuntu/Ruby/newnewpiedpiper/spec/helpers/users_helper_spec.rb": [
        1,
        null,
        null,
        null,
        null,
        null,
        null,
        null,
        null,
        null,
        null,
        null,
        1,
        1,
        1,
        null,
        1,
        1,
        null,
        null,
        null,
        null
      ],
      "/home/ubuntu/Ruby/newnewpiedpiper/spec/models/channel_spec.rb": [
        1,
        null,
        1,
        1,
        null
      ],
      "/home/ubuntu/Ruby/newnewpiedpiper/app/models/channel.rb": [
        1,
        1,
        null
      ],
      "/home/ubuntu/Ruby/newnewpiedpiper/spec/models/comment_spec.rb": [
        1,
        null,
        1,
        1,
        null
      ],
      "/home/ubuntu/Ruby/newnewpiedpiper/app/models/comment.rb": [
        1,
        1,
        1,
        1,
        1,
        1,
        1,
        1,
        1,
        1,
        null,
        1,
        0,
        null,
        null
      ],
      "/home/ubuntu/Ruby/newnewpiedpiper/spec/models/favorite_spec.rb": [
        1,
        null,
        1,
        1,
        null
      ],
      "/home/ubuntu/Ruby/newnewpiedpiper/app/models/favorite.rb": [
        1,
        1,
        1,
        null
      ],
      "/home/ubuntu/Ruby/newnewpiedpiper/spec/models/post_spec.rb": [
        1,
        null,
        1,
        1,
        null
      ],
      "/home/ubuntu/Ruby/newnewpiedpiper/app/models/post.rb": [
        1,
        1,
        null,
        null,
        null,
        null,
        1,
        1,
        1,
        1,
        1,
        1,
        0,
        null,
        null
      ],
      "/home/ubuntu/Ruby/newnewpiedpiper/spec/models/user_spec.rb": [
        1,
        null,
        1,
        1,
        null
      ],
      "/home/ubuntu/Ruby/newnewpiedpiper/app/models/user.rb": [
        1,
        1,
        1,
        9,
        1,
        1,
        1,
        1,
        null,
        1,
        null,
        null,
        null,
        null,
        null,
        null,
        null,
        1,
        1,
        null,
        null,
        null,
        1,
        1,
        null,
        1,
        null,
        1,
        0,
        null,
        0,
        null,
        null,
        1,
        0,
        null,
        null,
        1,
        1,
        null
      ],
      "/home/ubuntu/Ruby/newnewpiedpiper/spec/requests/users_logins_spec.rb": [
        1,
        null,
        1,
        1,
        1,
        1,
        1,
        null,
        null,
        null
      ],
      "/home/ubuntu/Ruby/newnewpiedpiper/spec/views/home/index.html.erb_spec.rb": [
        1,
        null,
        1,
        1,
        null
      ],
      "/home/ubuntu/Ruby/newnewpiedpiper/spec/views/sessions/new.html.erb_spec.rb": [
        1,
        null,
        1,
        1,
        null
      ],
      "/home/ubuntu/Ruby/newnewpiedpiper/spec/views/users/email:string.html.erb_spec.rb": [
        1,
        null,
        1,
        1,
        null
      ],
      "/home/ubuntu/Ruby/newnewpiedpiper/spec/views/users/name:string.html.erb_spec.rb": [
        1,
        null,
        1,
        1,
        null
      ],
      "/home/ubuntu/Ruby/newnewpiedpiper/spec/views/users/new.html.erb_spec.rb": [
        1,
        null,
        1,
        1,
        null
      ]
    },
    "timestamp": 1550857242
  },
  "Cucumber Features": {
    "coverage": {
      "/home/ubuntu/Ruby/newnewpiedpiper/app/helpers/application_helper.rb": [
        1,
        1,
        15,
        null,
        1,
        1,
        1,
        null,
        1,
        682,
        577,
        null,
        0,
        0,
        null,
        null,
        1,
        null,
        256,
        null,
        1,
        168,
        0,
        null,
        168,
        168,
        null,
        0,
        null,
        null,
        1,
        2,
        0,
        2,
        2,
        null,
        0,
        null,
        null,
        null,
        1,
        20,
        0,
        20,
        null,
        20,
        20,
        20,
        20,
        20,
        null,
        20,
        null,
        0,
        null,
        null,
        0,
        null,
        null,
        1,
        58,
        null,
        1,
        58,
        58,
        null,
        0,
        null,
        null
      ],
      "/home/ubuntu/Ruby/newnewpiedpiper/app/helpers/channels_helper.rb": [
        1,
        1,
        2,
        0,
        2,
        2,
        0,
        0,
        null,
        0,
        null,
        null,
        null
      ],
      "/home/ubuntu/Ruby/newnewpiedpiper/app/helpers/home_helper.rb": [
        1,
        null
      ],
      "/home/ubuntu/Ruby/newnewpiedpiper/app/helpers/posts_helper.rb": [
        1,
        null
      ],
      "/home/ubuntu/Ruby/newnewpiedpiper/app/helpers/search_helper.rb": [
        1,
        null
      ],
      "/home/ubuntu/Ruby/newnewpiedpiper/app/helpers/sessions_helper.rb": [
        1,
        null
      ],
      "/home/ubuntu/Ruby/newnewpiedpiper/app/helpers/upvotes_helper.rb": [
        1,
        null
      ],
      "/home/ubuntu/Ruby/newnewpiedpiper/app/helpers/users_helper.rb": [
        1,
        null,
        null,
        1,
        64,
        64,
        64,
        null,
        null
      ],
      "/home/ubuntu/Ruby/newnewpiedpiper/app/helpers/viewchannel_helper.rb": [
        1,
        null
      ],
      "/home/ubuntu/Ruby/newnewpiedpiper/app/models/post.rb": [
        1,
        1,
        null,
        null,
        null,
        null,
        1,
        1,
        1,
        1,
        1,
        1,
        56,
        null,
        null
      ],
      "/home/ubuntu/Ruby/newnewpiedpiper/app/models/channel.rb": [
        1,
        1,
        null
      ],
      "/home/ubuntu/Ruby/newnewpiedpiper/app/models/user.rb": [
        1,
        1,
        1,
        90,
        1,
        1,
        1,
        1,
        null,
        1,
        null,
        null,
        null,
        null,
        null,
        null,
        null,
        1,
        1,
        null,
        null,
        null,
        1,
        1,
        null,
        1,
        null,
        1,
        0,
        null,
        0,
        null,
        null,
        1,
        111,
        null,
        null,
        1,
        1,
        null
      ],
      "/home/ubuntu/Ruby/newnewpiedpiper/app/controllers/posts_controller.rb": [
        1,
        1,
        0,
        null,
        1,
        19,
        19,
        null,
        19,
        null,
        0,
        0,
        null,
        null,
        null,
        1,
        2,
        null,
        1,
        2,
        2,
        2,
        2,
        null,
        0,
        null,
        null,
        null,
        null,
        null,
        null,
        null,
        null,
        null,
        1,
        2,
        null,
        1,
        1,
        1,
        1,
        1,
        null,
        0,
        0,
        null,
        null,
        1,
        20,
        null,
        20,
        null,
        1,
        0,
        0,
        0,
        null,
        1,
        0,
        0,
        0,
        1,
        1,
        1,
        null,
        1,
        null,
        1,
        1,
        3,
        null,
        null
      ],
      "/home/ubuntu/Ruby/newnewpiedpiper/app/controllers/application_controller.rb": [
        1,
        null,
        null,
        1,
        1,
        1,
        null,
        null
      ],
      "/home/ubuntu/Ruby/newnewpiedpiper/app/models/comment.rb": [
        1,
        1,
        1,
        1,
        1,
        1,
        1,
        1,
        1,
        1,
        null,
        1,
        2,
        null,
        null
      ],
      "/home/ubuntu/Ruby/newnewpiedpiper/app/controllers/users_controller.rb": [
        1,
        null,
        1,
        1,
        null,
        null,
        null,
        1,
        0,
        null,
        null,
        null,
        1,
        null,
        null,
        1,
        null,
        null,
        1,
        16,
        null,
        null,
        1,
        14,
        null,
        null,
        1,
        null,
        1,
        14,
        14,
        14,
        14,
        14,
        null,
        0,
        null,
        null,
        null,
        1,
        0,
        null,
        null,
        null,
        1,
        0,
        0,
        null,
        0,
        0,
        null,
        0,
        null,
        null,
        null,
        1,
        0,
        0,
        0,
        null,
        null,
        null,
        null,
        null,
        1,
        null,
        1,
        14,
        null,
        null,
        null,
        null,
        1,
        0,
        0,
        0,
        null,
        null,
        null,
        1,
        0,
        null,
        null,
        null,
        null,
        null
      ],
      "/home/ubuntu/Ruby/newnewpiedpiper/app/models/favorite.rb": [
        1,
        1,
        1,
        null
      ],
      "/home/ubuntu/Ruby/newnewpiedpiper/app/controllers/favorites_controller.rb": [
        1,
        1,
        null,
        1,
        3,
        3,
        3,
        null,
        null,
        0,
        null,
        null,
        null,
        1,
        1,
        1,
        null,
        null,
        1,
        3,
        null,
        null,
        1,
        0,
        null,
        null,
        1,
        null,
        1,
        7,
        null,
        null,
        1,
        null,
        null,
        null
      ],
      "/home/ubuntu/Ruby/newnewpiedpiper/app/controllers/comments_controller.rb": [
        1,
        1,
        0,
        null,
        1,
        null,
        1,
        0,
        null,
        null,
        1,
        2,
        null,
        2,
        2,
        null,
        0,
        null,
        null,
        1,
        1,
        1,
        1,
        null,
        1,
        null,
        1,
        0,
        0,
        0,
        null,
        1,
        0,
        0,
        0,
        1,
        null,
        1,
        2,
        null,
        null,
        1,
        3,
        3,
        null,
        null,
        null,
        null
      ],
      "/home/ubuntu/Ruby/newnewpiedpiper/app/controllers/channels_controller.rb": [
        1,
        1,
        0,
        null,
        1,
        0,
        null,
        1,
        0,
        0,
        0,
        0,
        0,
        0,
        0,
        0,
        null,
        0,
        null,
        0,
        null,
        null,
        1,
        1,
        null,
        1,
        0,
        0,
        null,
        0,
        0,
        0,
        0,
        0,
        0,
        null,
        null,
        null,
        null,
        1,
        0,
        0,
        null,
        0,
        0,
        0,
        0,
        0,
        0,
        null,
        null,
        null,
        null,
        null,
        null,
        null,
        null,
        1,
        1,
        0,
        null,
        null,
        null
      ],
      "/home/ubuntu/Ruby/newnewpiedpiper/app/controllers/sessions_controller.rb": [
        1,
        null,
        1,
        null,
        null,
        1,
        1,
        1,
        null,
        1,
        1,
        null,
        null,
        0,
        null,
        0,
        null,
        null,
        null,
        null,
        null,
        1,
        1,
        1,
        null,
        null
      ],
      "/home/ubuntu/Ruby/newnewpiedpiper/app/controllers/home_controller.rb": [
        0,
        0,
        0,
        0
      ],
      "/home/ubuntu/Ruby/newnewpiedpiper/app/controllers/search_controller.rb": [
        0,
        0,
        0,
        0,
        0,
        0,
        0,
        0,
        null,
        0,
        0,
        0,
        0
      ],
      "/home/ubuntu/Ruby/newnewpiedpiper/app/controllers/upvotes_controller.rb": [
        0,
        0,
        0,
        0,
        0,
        0,
        0,
        null,
        0,
        0,
        0,
        0,
        0,
        0,
        0,
        0,
        0,
        0,
        0,
        0,
        0,
        0,
        0,
        0,
        null,
        0,
        0,
        0,
        0,
        0,
        0,
        0,
        0,
        0,
        0,
        0,
        0,
        0,
        0,
        0,
        0,
        0,
        0,
        0,
        0
      ],
      "/home/ubuntu/Ruby/newnewpiedpiper/app/controllers/link_controller.rb": [
        0,
        null,
        0
      ]
    },
    "timestamp": 1550856053
  }
}
